Unable to capture context for thread 10088 in process 6200, can not generate back trace
Unable to capture context for thread 4568 in process 6200, can not generate back trace
Exception at PC 0x00007FFC04CCBB93
Printing stacktrace...

Unable to capture context for thread 4568 in process 6200, can not generate back trace
Exception at PC 0x00007FFC6CF84008
Exception at PC 0x00007FFC6CF84008
Exception at PC 0x00007FFC6CF84008
Exception at PC 0x00007FFC6CF84008
Exception at PC 0x00007FFC6CF84008
Exception at PC 0x00007FFC6CF84008
Exception at PC 0x00007FFC6CF84008
Exception at PC 0x00007FFC6CF84008
Exception at PC 0x00007FFC6CF84008
Exception at PC 0x00007FFC6CF84008
Exception at PC 0x00007FFC6CF84008
Exception at PC 0x00007FFC6CF84008
Exception at PC 0x00007FFC6CF84008
Exception at PC 0x00007FFC6CF84008
Exception at PC 0x00007FFC6CF84008
Exception at PC 0x00007FFC6CF84008
Exception at PC 0x00007FFC6CF84008
Exception at PC 0x00007FFC6CF84008
[0]  [0x00007FFC04CCBB93]
[1]  [0x00007FFC04CCBB93]
[2]  [0x00007FFC04CCB4A1]
[3]  [0x00007FFC04CCB3EF]
[4]  [0x00007FFC04CB19FE]
[5]  [0x00007FFC04CB0ED1]
[6]  [0x00007FFC04CB0D76]
[7]  [0x00007FFC04C579F6]
[8]  [0x00007FFC04C47AFB]
[9]  [0x00007FFC04D6E90A]
[10]  [0x00007FFC04D89F87]
[11]  [0x00007FFC04D8A05F]
[12] (BaseThreadInitThunk+0x14) [0x00007FFC6DA51FE4]
[13] (RtlUserThreadStart+0x21) [0x00007FFC700BEFC1]
Done
